  Player.cpp
c:\users\stud\source\repos\project1\project1\globalvars.h(3): warning C4305: инициализация: усечение из "double" в "float"
c:\users\stud\source\repos\project1\project1\globalvars.h(4): warning C4305: инициализация: усечение из "double" в "float"
c:\users\stud\source\repos\project1\project1\player.cpp(13): warning C4244: аргумент: преобразование "float" в "T", возможна потеря данных
          with
          [
              T=int
          ]
c:\users\stud\source\repos\project1\project1\player.cpp(19): warning C4244: инициализация: преобразование "float" в "int", возможна потеря данных
c:\users\stud\source\repos\project1\project1\player.cpp(20): warning C4244: инициализация: преобразование "float" в "int", возможна потеря данных
c:\users\stud\source\repos\project1\project1\player.cpp(30): warning C4244: =: преобразование "int" в "float", возможна потеря данных
c:\users\stud\source\repos\project1\project1\player.cpp(38): warning C4244: =: преобразование "int" в "float", возможна потеря данных
  main.cpp
c:\users\stud\source\repos\project1\project1\globalvars.h(3): warning C4305: инициализация: усечение из "double" в "float"
c:\users\stud\source\repos\project1\project1\globalvars.h(4): warning C4305: инициализация: усечение из "double" в "float"
c:\users\stud\source\repos\project1\project1\view.h(8): warning C4244: инициализация: преобразование "float" в "int", возможна потеря данных
c:\users\stud\source\repos\project1\project1\main.cpp(21): warning C4244: инициализация: преобразование "sf::Int64" в "float", возможна потеря данных
c:\users\stud\source\repos\project1\project1\main.cpp(85): warning C4244: аргумент: преобразование "int" в "float", возможна потеря данных
  Создание кода...
  Project1.vcxproj -> C:\Users\stud\source\repos\Project1\Debug\Project1.exe
